<!DOCTYPE html>

<html>
  <head>
  <meta charset='utf-8'>
  <title>TestNG reports</title>

    <link type="text/css" href="testng-reports1.css" rel="stylesheet" id="ultra" />
    <link type="text/css" href="testng-reports.css" rel="stylesheet" id="retro" disabled="false"/>
    <script type="text/javascript" src="jquery-3.4.1.min.js"></script>
    <script type="text/javascript" src="testng-reports.js"></script>
    <script type="text/javascript" src="https://www.google.com/jsapi"></script>
    <script type='text/javascript'>
      google.load('visualization', '1', {packages:['table']});
      google.setOnLoadCallback(drawTable);
      var suiteTableInitFunctions = new Array();
      var suiteTableData = new Array();
    </script>
    <!--
      <script type="text/javascript" src="jquery-ui/js/jquery-ui-1.8.16.custom.min.js"></script>
     -->
  </head>

  <body>
    <div class="top-banner-root">
      <span class="top-banner-title-font">Test results</span>
      <button id="button" class="button">Switch Retro Theme</button> <!-- button -->
      <br/>
      <span class="top-banner-font-1">1 suite, 2 failed tests</span>
    </div> <!-- top-banner-root -->
    <div class="navigator-root">
      <div class="navigator-suite-header">
        <span>All suites</span>
        <a href="#" title="Collapse/expand all the suites" class="collapse-all-link">
          <img src="collapseall.gif" class="collapse-all-icon">
          </img> <!-- collapse-all-icon -->
        </a> <!-- collapse-all-link -->
      </div> <!-- navigator-suite-header -->
      <div class="suite">
        <div class="rounded-window">
          <div class="suite-header light-rounded-window-top">
            <a href="#" panel-name="suite-Orange_HRM_Application_Test" class="navigator-link">
              <span class="suite-name border-failed">Orange HRM Application Test</span>
            </a> <!-- navigator-link -->
          </div> <!-- suite-header light-rounded-window-top -->
          <div class="navigator-suite-content">
            <div class="suite-section-title">
              <span>Info</span>
            </div> <!-- suite-section-title -->
            <div class="suite-section-content">
              <ul>
                <li>
                  <a href="#" panel-name="test-xml-Orange_HRM_Application_Test" class="navigator-link ">
                    <span>D:\Eclipse\OrangeAllureReport\testng.xml</span>
                  </a> <!-- navigator-link  -->
                </li>
                <li>
                  <a href="#" panel-name="testlist-Orange_HRM_Application_Test" class="navigator-link ">
                    <span class="test-stats">1 test</span>
                  </a> <!-- navigator-link  -->
                </li>
                <li>
                  <a href="#" panel-name="group-Orange_HRM_Application_Test" class="navigator-link ">
                    <span>2 groups</span>
                  </a> <!-- navigator-link  -->
                </li>
                <li>
                  <a href="#" panel-name="times-Orange_HRM_Application_Test" class="navigator-link ">
                    <span>Times</span>
                  </a> <!-- navigator-link  -->
                </li>
                <li>
                  <a href="#" panel-name="reporter-Orange_HRM_Application_Test" class="navigator-link ">
                    <span>Reporter output</span>
                  </a> <!-- navigator-link  -->
                </li>
                <li>
                  <a href="#" panel-name="ignored-methods-Orange_HRM_Application_Test" class="navigator-link ">
                    <span>Ignored methods</span>
                  </a> <!-- navigator-link  -->
                </li>
                <li>
                  <a href="#" panel-name="chronological-Orange_HRM_Application_Test" class="navigator-link ">
                    <span>Chronological view</span>
                  </a> <!-- navigator-link  -->
                </li>
              </ul>
            </div> <!-- suite-section-content -->
            <div class="result-section">
              <div class="suite-section-title">
                <span>Results</span>
              </div> <!-- suite-section-title -->
              <div class="suite-section-content">
                <ul>
                  <li>
                    <span class="method-stats">15 methods, 2 failed,  6 skipped,  7 passed</span>
                  </li>
                  <li>
                    <span class="method-list-title failed">Failed methods</span>
                    <span class="show-or-hide-methods failed">
                      <a href="#" panel-name="suite-Orange_HRM_Application_Test" class="hide-methods failed suite-Orange_HRM_Application_Test"> (hide)</a> <!-- hide-methods failed suite-Orange_HRM_Application_Test -->
                      <a href="#" panel-name="suite-Orange_HRM_Application_Test" class="show-methods failed suite-Orange_HRM_Application_Test"> (show)</a> <!-- show-methods failed suite-Orange_HRM_Application_Test -->
                    </span>
                    <div class="method-list-content failed suite-Orange_HRM_Application_Test">
                      <span>
                        <img src="failed.png" width="3%"/>
                        <a href="#" panel-name="suite-Orange_HRM_Application_Test" title="com.OrangeHRM.testcases.LoginPageTest" class="method navigator-link" hash-for-method="PerformValidLoginTest">PerformValidLoginTest</a> <!-- method navigator-link -->
                      </span>
                      <br/>
                      <span>
                        <img src="failed.png" width="3%"/>
                        <a href="#" panel-name="suite-Orange_HRM_Application_Test" title="com.OrangeHRM.testcases.LoginPageTest" class="method navigator-link" hash-for-method="testLogo">testLogo</a> <!-- method navigator-link -->
                      </span>
                      <br/>
                    </div> <!-- method-list-content failed suite-Orange_HRM_Application_Test -->
                  </li>
                  <li>
                    <span class="method-list-title skipped">Retried methods</span>
                    <span class="show-or-hide-methods skipped">
                      <a href="#" panel-name="suite-Orange_HRM_Application_Test" class="hide-methods skipped suite-Orange_HRM_Application_Test"> (hide)</a> <!-- hide-methods skipped suite-Orange_HRM_Application_Test -->
                      <a href="#" panel-name="suite-Orange_HRM_Application_Test" class="show-methods skipped suite-Orange_HRM_Application_Test"> (show)</a> <!-- show-methods skipped suite-Orange_HRM_Application_Test -->
                    </span>
                    <div class="method-list-content skipped suite-Orange_HRM_Application_Test">
                      <span>
                        <img src="skipped.png" width="3%"/>
                        <a href="#" panel-name="suite-Orange_HRM_Application_Test" title="com.OrangeHRM.testcases.LoginPageTest" class="method navigator-link" hash-for-method="PerformValidLoginTest">PerformValidLoginTest</a> <!-- method navigator-link -->
                      </span>
                      <br/>
                      <span>
                        <img src="skipped.png" width="3%"/>
                        <a href="#" panel-name="suite-Orange_HRM_Application_Test" title="com.OrangeHRM.testcases.LoginPageTest" class="method navigator-link" hash-for-method="PerformValidLoginTest">PerformValidLoginTest</a> <!-- method navigator-link -->
                      </span>
                      <br/>
                      <span>
                        <img src="skipped.png" width="3%"/>
                        <a href="#" panel-name="suite-Orange_HRM_Application_Test" title="com.OrangeHRM.testcases.LoginPageTest" class="method navigator-link" hash-for-method="PerformValidLoginTest">PerformValidLoginTest</a> <!-- method navigator-link -->
                      </span>
                      <br/>
                      <span>
                        <img src="skipped.png" width="3%"/>
                        <a href="#" panel-name="suite-Orange_HRM_Application_Test" title="com.OrangeHRM.testcases.LoginPageTest" class="method navigator-link" hash-for-method="testLogo">testLogo</a> <!-- method navigator-link -->
                      </span>
                      <br/>
                      <span>
                        <img src="skipped.png" width="3%"/>
                        <a href="#" panel-name="suite-Orange_HRM_Application_Test" title="com.OrangeHRM.testcases.LoginPageTest" class="method navigator-link" hash-for-method="testLogo">testLogo</a> <!-- method navigator-link -->
                      </span>
                      <br/>
                      <span>
                        <img src="skipped.png" width="3%"/>
                        <a href="#" panel-name="suite-Orange_HRM_Application_Test" title="com.OrangeHRM.testcases.LoginPageTest" class="method navigator-link" hash-for-method="testLogo">testLogo</a> <!-- method navigator-link -->
                      </span>
                      <br/>
                    </div> <!-- method-list-content skipped suite-Orange_HRM_Application_Test -->
                  </li>
                  <li>
                    <span class="method-list-title passed">Passed methods</span>
                    <span class="show-or-hide-methods passed">
                      <a href="#" panel-name="suite-Orange_HRM_Application_Test" class="hide-methods passed suite-Orange_HRM_Application_Test"> (hide)</a> <!-- hide-methods passed suite-Orange_HRM_Application_Test -->
                      <a href="#" panel-name="suite-Orange_HRM_Application_Test" class="show-methods passed suite-Orange_HRM_Application_Test"> (show)</a> <!-- show-methods passed suite-Orange_HRM_Application_Test -->
                    </span>
                    <div class="method-list-content passed suite-Orange_HRM_Application_Test">
                      <span>
                        <img src="passed.png" width="3%"/>
                        <a href="#" panel-name="suite-Orange_HRM_Application_Test" title="com.OrangeHRM.testcases.LoginPageTest" class="method navigator-link" hash-for-method="CheckLoginwithInvalidPasswordOrmail(islam, 12314asd)">CheckLoginwithInvalidPasswordOrmail(islam, 12314asd)</a> <!-- method navigator-link -->
                      </span>
                      <br/>
                      <span>
                        <img src="passed.png" width="3%"/>
                        <a href="#" panel-name="suite-Orange_HRM_Application_Test" title="com.OrangeHRM.testcases.LoginPageTest" class="method navigator-link" hash-for-method="CheckLoginwithInvalidPasswordOrmail(admin1, admin12)">CheckLoginwithInvalidPasswordOrmail(admin1, admin12)</a> <!-- method navigator-link -->
                      </span>
                      <br/>
                      <span>
                        <img src="passed.png" width="3%"/>
                        <a href="#" panel-name="suite-Orange_HRM_Application_Test" title="com.OrangeHRM.testcases.LoginPageTest" class="method navigator-link" hash-for-method="CheckLoginwithInvalidPasswordOrmail(admin, admin)">CheckLoginwithInvalidPasswordOrmail(admin, admin)</a> <!-- method navigator-link -->
                      </span>
                      <br/>
                      <span>
                        <img src="passed.png" width="3%"/>
                        <a href="#" panel-name="suite-Orange_HRM_Application_Test" title="com.OrangeHRM.testcases.LoginPageTest" class="method navigator-link" hash-for-method="CheckLoginwithInvalidPasswordOrmail(admin, 123245)">CheckLoginwithInvalidPasswordOrmail(admin, 123245)</a> <!-- method navigator-link -->
                      </span>
                      <br/>
                      <span>
                        <img src="passed.png" width="3%"/>
                        <a href="#" panel-name="suite-Orange_HRM_Application_Test" title="com.OrangeHRM.testcases.ResetPasswordTest" class="method navigator-link" hash-for-method="checkForgotPasswordFunctionality">checkForgotPasswordFunctionality</a> <!-- method navigator-link -->
                      </span>
                      <br/>
                      <span>
                        <img src="passed.png" width="3%"/>
                        <a href="#" panel-name="suite-Orange_HRM_Application_Test" title="com.OrangeHRM.testcases.LoginPageTest" class="method navigator-link" hash-for-method="testTitle">testTitle</a> <!-- method navigator-link -->
                      </span>
                      <br/>
                      <span>
                        <img src="passed.png" width="3%"/>
                        <a href="#" panel-name="suite-Orange_HRM_Application_Test" title="com.OrangeHRM.testcases.LoginPageTest" class="method navigator-link" hash-for-method="testURL">testURL</a> <!-- method navigator-link -->
                      </span>
                      <br/>
                    </div> <!-- method-list-content passed suite-Orange_HRM_Application_Test -->
                  </li>
                </ul>
              </div> <!-- suite-section-content -->
            </div> <!-- result-section -->
          </div> <!-- navigator-suite-content -->
        </div> <!-- rounded-window -->
      </div> <!-- suite -->
    </div> <!-- navigator-root -->
    <div class="wrapper">
      <div class="main-panel-root">
        <div panel-name="suite-Orange_HRM_Application_Test" class="panel Orange_HRM_Application_Test">
          <div class="suite-Orange_HRM_Application_Test-class-failed">
            <div class="main-panel-header rounded-window-top">
              <img src="failed.png"/>
              <span class="class-name">com.OrangeHRM.testcases.LoginPageTest</span>
            </div> <!-- main-panel-header rounded-window-top -->
            <div class="main-panel-content rounded-window-bottom">
              <div class="method">
                <div class="method-content">
                  <a name="PerformValidLoginTest">
                  </a> <!-- PerformValidLoginTest -->
                  <span class="method-name">PerformValidLoginTest</span>
                  <div class="stack-trace">org.openqa.selenium.NoSuchElementException: no such element: Unable to locate element: {&quot;method&quot;:&quot;link text&quot;,&quot;selector&quot;:&quot;Dashboard&quot;}
  (Session info: chrome=105.0.5195.102)
For documentation on this error, please visit: https://www.seleniumhq.org/exceptions/no_such_element.html
Build info: version: &apos;3.141.59&apos;, revision: &apos;e82be7d358&apos;, time: &apos;2018-11-14T08:17:03&apos;
System info: host: &apos;LPCAIQ0804&apos;, ip: &apos;192.168.10.163&apos;, os.name: &apos;Windows 10&apos;, os.arch: &apos;amd64&apos;, os.version: &apos;10.0&apos;, java.version: &apos;18.0.2&apos;
Driver info: org.openqa.selenium.chrome.ChromeDriver
Capabilities {acceptInsecureCerts: false, browserName: chrome, browserVersion: 105.0.5195.102, chrome: {chromedriverVersion: 105.0.5195.52 (412c95e51883..., userDataDir: C:\Users\ihakim\AppData\Loc...}, goog:chromeOptions: {debuggerAddress: localhost:58414}, javascriptEnabled: true, networkConnectionEnabled: false, pageLoadStrategy: normal, platform: WINDOWS, platformName: WINDOWS, proxy: Proxy(), setWindowRect: true, strictFileInteractability: false, timeouts: {implicit: 0, pageLoad: 300000, script: 30000}, unhandledPromptBehavior: dismiss and notify, webauthn:extension:credBlob: true, webauthn:extension:largeBlob: true, webauthn:virtualAuthenticators: true}
Session ID: 613a3448098d1780573d48d7786c79d4
*** Element info: {Using=link text, value=Dashboard}
	at org.openqa.selenium.remote.http.W3CHttpResponseCodec.createException(W3CHttpResponseCodec.java:187)
	at org.openqa.selenium.remote.http.W3CHttpResponseCodec.decode(W3CHttpResponseCodec.java:122)
	at org.openqa.selenium.remote.http.W3CHttpResponseCodec.decode(W3CHttpResponseCodec.java:49)
	at org.openqa.selenium.remote.HttpCommandExecutor.execute(HttpCommandExecutor.java:158)
	at org.openqa.selenium.remote.service.DriverCommandExecutor.execute(DriverCommandExecutor.java:83)
	at org.openqa.selenium.remote.RemoteWebDriver.execute(RemoteWebDriver.java:552)
	at org.openqa.selenium.remote.RemoteWebDriver.findElement(RemoteWebDriver.java:323)
	at org.openqa.selenium.remote.RemoteWebDriver.findElementByLinkText(RemoteWebDriver.java:380)
	at org.openqa.selenium.By$ByLinkText.findElement(By.java:220)
	at org.openqa.selenium.remote.RemoteWebDriver.findElement(RemoteWebDriver.java:315)
	at org.openqa.selenium.support.events.EventFiringWebDriver.lambda$new$1(EventFiringWebDriver.java:105)
	at jdk.proxy2/jdk.proxy2.$Proxy20.findElement(Unknown Source)
	at org.openqa.selenium.support.events.EventFiringWebDriver.findElement(EventFiringWebDriver.java:194)
	at org.openqa.selenium.support.pagefactory.DefaultElementLocator.findElement(DefaultElementLocator.java:69)
	at org.openqa.selenium.support.pagefactory.internal.LocatingElementHandler.invoke(LocatingElementHandler.java:38)
	at jdk.proxy2/jdk.proxy2.$Proxy24.getWrappedElement(Unknown Source)
	at org.openqa.selenium.remote.internal.WebElementToJsonConverter.apply(WebElementToJsonConverter.java:50)
	at java.base/java.util.stream.ReferencePipeline$3$1.accept(ReferencePipeline.java:197)
	at java.base/java.util.Spliterators$ArraySpliterator.forEachRemaining(Spliterators.java:992)
	at java.base/java.util.stream.AbstractPipeline.copyInto(AbstractPipeline.java:509)
	at java.base/java.util.stream.AbstractPipeline.wrapAndCopyInto(AbstractPipeline.java:499)
	at java.base/java.util.stream.ReduceOps$ReduceOp.evaluateSequential(ReduceOps.java:921)
	at java.base/java.util.stream.AbstractPipeline.evaluate(AbstractPipeline.java:234)
	at java.base/java.util.stream.ReferencePipeline.collect(ReferencePipeline.java:682)
	at org.openqa.selenium.remote.RemoteWebDriver.executeScript(RemoteWebDriver.java:484)
	at org.openqa.selenium.support.events.EventFiringWebDriver.lambda$new$1(EventFiringWebDriver.java:105)
	at jdk.proxy2/jdk.proxy2.$Proxy20.executeScript(Unknown Source)
	at org.openqa.selenium.support.events.EventFiringWebDriver.executeScript(EventFiringWebDriver.java:229)
	at com.OrangeHRM.pages.HomePage.DashboardisDisplayed(HomePage.java:31)
	at com.OrangeHRM.testcases.LoginPageTest.PerformValidLoginTest(LoginPageTest.java:96)
	at java.base/java.util.ArrayList.forEach(ArrayList.java:1511)
... Removed 32 stack frames
</div> <!-- stack-trace -->
                </div> <!-- method-content -->
              </div> <!-- method -->
              <div class="method">
                <div class="method-content">
                  <a name="testLogo">
                  </a> <!-- testLogo -->
                  <span class="method-name">testLogo</span>
                  <div class="stack-trace">java.lang.AssertionError: Logo is not Found expected [false] but found [true]
	at com.OrangeHRM.testcases.LoginPageTest.testLogo(LoginPageTest.java:126)
	at java.base/java.util.ArrayList.forEach(ArrayList.java:1511)
... Removed 30 stack frames
</div> <!-- stack-trace -->
                </div> <!-- method-content -->
              </div> <!-- method -->
            </div> <!-- main-panel-content rounded-window-bottom -->
          </div> <!-- suite-Orange_HRM_Application_Test-class-failed -->
          <div class="suite-Orange_HRM_Application_Test-class-skipped">
            <div class="main-panel-header rounded-window-top">
              <img src="skipped.png"/>
              <span class="class-name">com.OrangeHRM.testcases.LoginPageTest</span>
            </div> <!-- main-panel-header rounded-window-top -->
            <div class="main-panel-content rounded-window-bottom">
              <div class="method">
                <div class="method-content">
                  <a name="PerformValidLoginTest">
                  </a> <!-- PerformValidLoginTest -->
                  <span class="method-name">PerformValidLoginTest</span>
                  <div class="stack-trace">org.openqa.selenium.NoSuchElementException: no such element: Unable to locate element: {&quot;method&quot;:&quot;link text&quot;,&quot;selector&quot;:&quot;Dashboard&quot;}
  (Session info: chrome=105.0.5195.102)
For documentation on this error, please visit: https://www.seleniumhq.org/exceptions/no_such_element.html
Build info: version: &apos;3.141.59&apos;, revision: &apos;e82be7d358&apos;, time: &apos;2018-11-14T08:17:03&apos;
System info: host: &apos;LPCAIQ0804&apos;, ip: &apos;192.168.10.163&apos;, os.name: &apos;Windows 10&apos;, os.arch: &apos;amd64&apos;, os.version: &apos;10.0&apos;, java.version: &apos;18.0.2&apos;
Driver info: org.openqa.selenium.chrome.ChromeDriver
Capabilities {acceptInsecureCerts: false, browserName: chrome, browserVersion: 105.0.5195.102, chrome: {chromedriverVersion: 105.0.5195.52 (412c95e51883..., userDataDir: C:\Users\ihakim\AppData\Loc...}, goog:chromeOptions: {debuggerAddress: localhost:58253}, javascriptEnabled: true, networkConnectionEnabled: false, pageLoadStrategy: normal, platform: WINDOWS, platformName: WINDOWS, proxy: Proxy(), setWindowRect: true, strictFileInteractability: false, timeouts: {implicit: 0, pageLoad: 300000, script: 30000}, unhandledPromptBehavior: dismiss and notify, webauthn:extension:credBlob: true, webauthn:extension:largeBlob: true, webauthn:virtualAuthenticators: true}
Session ID: aa1e231e8d20df277096815a093358d4
*** Element info: {Using=link text, value=Dashboard}
	at org.openqa.selenium.remote.http.W3CHttpResponseCodec.createException(W3CHttpResponseCodec.java:187)
	at org.openqa.selenium.remote.http.W3CHttpResponseCodec.decode(W3CHttpResponseCodec.java:122)
	at org.openqa.selenium.remote.http.W3CHttpResponseCodec.decode(W3CHttpResponseCodec.java:49)
	at org.openqa.selenium.remote.HttpCommandExecutor.execute(HttpCommandExecutor.java:158)
	at org.openqa.selenium.remote.service.DriverCommandExecutor.execute(DriverCommandExecutor.java:83)
	at org.openqa.selenium.remote.RemoteWebDriver.execute(RemoteWebDriver.java:552)
	at org.openqa.selenium.remote.RemoteWebDriver.findElement(RemoteWebDriver.java:323)
	at org.openqa.selenium.remote.RemoteWebDriver.findElementByLinkText(RemoteWebDriver.java:380)
	at org.openqa.selenium.By$ByLinkText.findElement(By.java:220)
	at org.openqa.selenium.remote.RemoteWebDriver.findElement(RemoteWebDriver.java:315)
	at org.openqa.selenium.support.events.EventFiringWebDriver.lambda$new$1(EventFiringWebDriver.java:105)
	at jdk.proxy2/jdk.proxy2.$Proxy20.findElement(Unknown Source)
	at org.openqa.selenium.support.events.EventFiringWebDriver.findElement(EventFiringWebDriver.java:194)
	at org.openqa.selenium.support.pagefactory.DefaultElementLocator.findElement(DefaultElementLocator.java:69)
	at org.openqa.selenium.support.pagefactory.internal.LocatingElementHandler.invoke(LocatingElementHandler.java:38)
	at jdk.proxy2/jdk.proxy2.$Proxy24.getWrappedElement(Unknown Source)
	at org.openqa.selenium.remote.internal.WebElementToJsonConverter.apply(WebElementToJsonConverter.java:50)
	at java.base/java.util.stream.ReferencePipeline$3$1.accept(ReferencePipeline.java:197)
	at java.base/java.util.Spliterators$ArraySpliterator.forEachRemaining(Spliterators.java:992)
	at java.base/java.util.stream.AbstractPipeline.copyInto(AbstractPipeline.java:509)
	at java.base/java.util.stream.AbstractPipeline.wrapAndCopyInto(AbstractPipeline.java:499)
	at java.base/java.util.stream.ReduceOps$ReduceOp.evaluateSequential(ReduceOps.java:921)
	at java.base/java.util.stream.AbstractPipeline.evaluate(AbstractPipeline.java:234)
	at java.base/java.util.stream.ReferencePipeline.collect(ReferencePipeline.java:682)
	at org.openqa.selenium.remote.RemoteWebDriver.executeScript(RemoteWebDriver.java:484)
	at org.openqa.selenium.support.events.EventFiringWebDriver.lambda$new$1(EventFiringWebDriver.java:105)
	at jdk.proxy2/jdk.proxy2.$Proxy20.executeScript(Unknown Source)
	at org.openqa.selenium.support.events.EventFiringWebDriver.executeScript(EventFiringWebDriver.java:229)
	at com.OrangeHRM.pages.HomePage.DashboardisDisplayed(HomePage.java:31)
	at com.OrangeHRM.testcases.LoginPageTest.PerformValidLoginTest(LoginPageTest.java:96)
	at java.base/java.util.ArrayList.forEach(ArrayList.java:1511)
... Removed 32 stack frames
</div> <!-- stack-trace -->
                </div> <!-- method-content -->
              </div> <!-- method -->
              <div class="method">
                <div class="method-content">
                  <a name="PerformValidLoginTest">
                  </a> <!-- PerformValidLoginTest -->
                  <span class="method-name">PerformValidLoginTest</span>
                  <div class="stack-trace">org.openqa.selenium.NoSuchElementException: no such element: Unable to locate element: {&quot;method&quot;:&quot;link text&quot;,&quot;selector&quot;:&quot;Dashboard&quot;}
  (Session info: chrome=105.0.5195.102)
For documentation on this error, please visit: https://www.seleniumhq.org/exceptions/no_such_element.html
Build info: version: &apos;3.141.59&apos;, revision: &apos;e82be7d358&apos;, time: &apos;2018-11-14T08:17:03&apos;
System info: host: &apos;LPCAIQ0804&apos;, ip: &apos;192.168.10.163&apos;, os.name: &apos;Windows 10&apos;, os.arch: &apos;amd64&apos;, os.version: &apos;10.0&apos;, java.version: &apos;18.0.2&apos;
Driver info: org.openqa.selenium.chrome.ChromeDriver
Capabilities {acceptInsecureCerts: false, browserName: chrome, browserVersion: 105.0.5195.102, chrome: {chromedriverVersion: 105.0.5195.52 (412c95e51883..., userDataDir: C:\Users\ihakim\AppData\Loc...}, goog:chromeOptions: {debuggerAddress: localhost:58323}, javascriptEnabled: true, networkConnectionEnabled: false, pageLoadStrategy: normal, platform: WINDOWS, platformName: WINDOWS, proxy: Proxy(), setWindowRect: true, strictFileInteractability: false, timeouts: {implicit: 0, pageLoad: 300000, script: 30000}, unhandledPromptBehavior: dismiss and notify, webauthn:extension:credBlob: true, webauthn:extension:largeBlob: true, webauthn:virtualAuthenticators: true}
Session ID: b0f0074b3e2cc1be94bcd2eda391c641
*** Element info: {Using=link text, value=Dashboard}
	at org.openqa.selenium.remote.http.W3CHttpResponseCodec.createException(W3CHttpResponseCodec.java:187)
	at org.openqa.selenium.remote.http.W3CHttpResponseCodec.decode(W3CHttpResponseCodec.java:122)
	at org.openqa.selenium.remote.http.W3CHttpResponseCodec.decode(W3CHttpResponseCodec.java:49)
	at org.openqa.selenium.remote.HttpCommandExecutor.execute(HttpCommandExecutor.java:158)
	at org.openqa.selenium.remote.service.DriverCommandExecutor.execute(DriverCommandExecutor.java:83)
	at org.openqa.selenium.remote.RemoteWebDriver.execute(RemoteWebDriver.java:552)
	at org.openqa.selenium.remote.RemoteWebDriver.findElement(RemoteWebDriver.java:323)
	at org.openqa.selenium.remote.RemoteWebDriver.findElementByLinkText(RemoteWebDriver.java:380)
	at org.openqa.selenium.By$ByLinkText.findElement(By.java:220)
	at org.openqa.selenium.remote.RemoteWebDriver.findElement(RemoteWebDriver.java:315)
	at org.openqa.selenium.support.events.EventFiringWebDriver.lambda$new$1(EventFiringWebDriver.java:105)
	at jdk.proxy2/jdk.proxy2.$Proxy20.findElement(Unknown Source)
	at org.openqa.selenium.support.events.EventFiringWebDriver.findElement(EventFiringWebDriver.java:194)
	at org.openqa.selenium.support.pagefactory.DefaultElementLocator.findElement(DefaultElementLocator.java:69)
	at org.openqa.selenium.support.pagefactory.internal.LocatingElementHandler.invoke(LocatingElementHandler.java:38)
	at jdk.proxy2/jdk.proxy2.$Proxy24.getWrappedElement(Unknown Source)
	at org.openqa.selenium.remote.internal.WebElementToJsonConverter.apply(WebElementToJsonConverter.java:50)
	at java.base/java.util.stream.ReferencePipeline$3$1.accept(ReferencePipeline.java:197)
	at java.base/java.util.Spliterators$ArraySpliterator.forEachRemaining(Spliterators.java:992)
	at java.base/java.util.stream.AbstractPipeline.copyInto(AbstractPipeline.java:509)
	at java.base/java.util.stream.AbstractPipeline.wrapAndCopyInto(AbstractPipeline.java:499)
	at java.base/java.util.stream.ReduceOps$ReduceOp.evaluateSequential(ReduceOps.java:921)
	at java.base/java.util.stream.AbstractPipeline.evaluate(AbstractPipeline.java:234)
	at java.base/java.util.stream.ReferencePipeline.collect(ReferencePipeline.java:682)
	at org.openqa.selenium.remote.RemoteWebDriver.executeScript(RemoteWebDriver.java:484)
	at org.openqa.selenium.support.events.EventFiringWebDriver.lambda$new$1(EventFiringWebDriver.java:105)
	at jdk.proxy2/jdk.proxy2.$Proxy20.executeScript(Unknown Source)
	at org.openqa.selenium.support.events.EventFiringWebDriver.executeScript(EventFiringWebDriver.java:229)
	at com.OrangeHRM.pages.HomePage.DashboardisDisplayed(HomePage.java:31)
	at com.OrangeHRM.testcases.LoginPageTest.PerformValidLoginTest(LoginPageTest.java:96)
	at java.base/java.util.ArrayList.forEach(ArrayList.java:1511)
... Removed 32 stack frames
</div> <!-- stack-trace -->
                </div> <!-- method-content -->
              </div> <!-- method -->
              <div class="method">
                <div class="method-content">
                  <a name="PerformValidLoginTest">
                  </a> <!-- PerformValidLoginTest -->
                  <span class="method-name">PerformValidLoginTest</span>
                  <div class="stack-trace">org.openqa.selenium.NoSuchElementException: no such element: Unable to locate element: {&quot;method&quot;:&quot;link text&quot;,&quot;selector&quot;:&quot;Dashboard&quot;}
  (Session info: chrome=105.0.5195.102)
For documentation on this error, please visit: https://www.seleniumhq.org/exceptions/no_such_element.html
Build info: version: &apos;3.141.59&apos;, revision: &apos;e82be7d358&apos;, time: &apos;2018-11-14T08:17:03&apos;
System info: host: &apos;LPCAIQ0804&apos;, ip: &apos;192.168.10.163&apos;, os.name: &apos;Windows 10&apos;, os.arch: &apos;amd64&apos;, os.version: &apos;10.0&apos;, java.version: &apos;18.0.2&apos;
Driver info: org.openqa.selenium.chrome.ChromeDriver
Capabilities {acceptInsecureCerts: false, browserName: chrome, browserVersion: 105.0.5195.102, chrome: {chromedriverVersion: 105.0.5195.52 (412c95e51883..., userDataDir: C:\Users\ihakim\AppData\Loc...}, goog:chromeOptions: {debuggerAddress: localhost:58370}, javascriptEnabled: true, networkConnectionEnabled: false, pageLoadStrategy: normal, platform: WINDOWS, platformName: WINDOWS, proxy: Proxy(), setWindowRect: true, strictFileInteractability: false, timeouts: {implicit: 0, pageLoad: 300000, script: 30000}, unhandledPromptBehavior: dismiss and notify, webauthn:extension:credBlob: true, webauthn:extension:largeBlob: true, webauthn:virtualAuthenticators: true}
Session ID: aec00709a104e94c807599a82eaaf874
*** Element info: {Using=link text, value=Dashboard}
	at org.openqa.selenium.remote.http.W3CHttpResponseCodec.createException(W3CHttpResponseCodec.java:187)
	at org.openqa.selenium.remote.http.W3CHttpResponseCodec.decode(W3CHttpResponseCodec.java:122)
	at org.openqa.selenium.remote.http.W3CHttpResponseCodec.decode(W3CHttpResponseCodec.java:49)
	at org.openqa.selenium.remote.HttpCommandExecutor.execute(HttpCommandExecutor.java:158)
	at org.openqa.selenium.remote.service.DriverCommandExecutor.execute(DriverCommandExecutor.java:83)
	at org.openqa.selenium.remote.RemoteWebDriver.execute(RemoteWebDriver.java:552)
	at org.openqa.selenium.remote.RemoteWebDriver.findElement(RemoteWebDriver.java:323)
	at org.openqa.selenium.remote.RemoteWebDriver.findElementByLinkText(RemoteWebDriver.java:380)
	at org.openqa.selenium.By$ByLinkText.findElement(By.java:220)
	at org.openqa.selenium.remote.RemoteWebDriver.findElement(RemoteWebDriver.java:315)
	at org.openqa.selenium.support.events.EventFiringWebDriver.lambda$new$1(EventFiringWebDriver.java:105)
	at jdk.proxy2/jdk.proxy2.$Proxy20.findElement(Unknown Source)
	at org.openqa.selenium.support.events.EventFiringWebDriver.findElement(EventFiringWebDriver.java:194)
	at org.openqa.selenium.support.pagefactory.DefaultElementLocator.findElement(DefaultElementLocator.java:69)
	at org.openqa.selenium.support.pagefactory.internal.LocatingElementHandler.invoke(LocatingElementHandler.java:38)
	at jdk.proxy2/jdk.proxy2.$Proxy24.getWrappedElement(Unknown Source)
	at org.openqa.selenium.remote.internal.WebElementToJsonConverter.apply(WebElementToJsonConverter.java:50)
	at java.base/java.util.stream.ReferencePipeline$3$1.accept(ReferencePipeline.java:197)
	at java.base/java.util.Spliterators$ArraySpliterator.forEachRemaining(Spliterators.java:992)
	at java.base/java.util.stream.AbstractPipeline.copyInto(AbstractPipeline.java:509)
	at java.base/java.util.stream.AbstractPipeline.wrapAndCopyInto(AbstractPipeline.java:499)
	at java.base/java.util.stream.ReduceOps$ReduceOp.evaluateSequential(ReduceOps.java:921)
	at java.base/java.util.stream.AbstractPipeline.evaluate(AbstractPipeline.java:234)
	at java.base/java.util.stream.ReferencePipeline.collect(ReferencePipeline.java:682)
	at org.openqa.selenium.remote.RemoteWebDriver.executeScript(RemoteWebDriver.java:484)
	at org.openqa.selenium.support.events.EventFiringWebDriver.lambda$new$1(EventFiringWebDriver.java:105)
	at jdk.proxy2/jdk.proxy2.$Proxy20.executeScript(Unknown Source)
	at org.openqa.selenium.support.events.EventFiringWebDriver.executeScript(EventFiringWebDriver.java:229)
	at com.OrangeHRM.pages.HomePage.DashboardisDisplayed(HomePage.java:31)
	at com.OrangeHRM.testcases.LoginPageTest.PerformValidLoginTest(LoginPageTest.java:96)
	at java.base/java.util.ArrayList.forEach(ArrayList.java:1511)
... Removed 32 stack frames
</div> <!-- stack-trace -->
                </div> <!-- method-content -->
              </div> <!-- method -->
              <div class="method">
                <div class="method-content">
                  <a name="testLogo">
                  </a> <!-- testLogo -->
                  <span class="method-name">testLogo</span>
                  <div class="stack-trace">java.lang.AssertionError: Logo is not Found expected [false] but found [true]
	at com.OrangeHRM.testcases.LoginPageTest.testLogo(LoginPageTest.java:126)
	at java.base/java.util.ArrayList.forEach(ArrayList.java:1511)
... Removed 30 stack frames
</div> <!-- stack-trace -->
                </div> <!-- method-content -->
              </div> <!-- method -->
              <div class="method">
                <div class="method-content">
                  <a name="testLogo">
                  </a> <!-- testLogo -->
                  <span class="method-name">testLogo</span>
                  <div class="stack-trace">java.lang.AssertionError: Logo is not Found expected [false] but found [true]
	at com.OrangeHRM.testcases.LoginPageTest.testLogo(LoginPageTest.java:126)
	at java.base/java.util.ArrayList.forEach(ArrayList.java:1511)
... Removed 30 stack frames
</div> <!-- stack-trace -->
                </div> <!-- method-content -->
              </div> <!-- method -->
              <div class="method">
                <div class="method-content">
                  <a name="testLogo">
                  </a> <!-- testLogo -->
                  <span class="method-name">testLogo</span>
                  <div class="stack-trace">java.lang.AssertionError: Logo is not Found expected [false] but found [true]
	at com.OrangeHRM.testcases.LoginPageTest.testLogo(LoginPageTest.java:126)
	at java.base/java.util.ArrayList.forEach(ArrayList.java:1511)
... Removed 30 stack frames
</div> <!-- stack-trace -->
                </div> <!-- method-content -->
              </div> <!-- method -->
            </div> <!-- main-panel-content rounded-window-bottom -->
          </div> <!-- suite-Orange_HRM_Application_Test-class-skipped -->
          <div class="suite-Orange_HRM_Application_Test-class-passed">
            <div class="main-panel-header rounded-window-top">
              <img src="passed.png"/>
              <span class="class-name">com.OrangeHRM.testcases.ResetPasswordTest</span>
            </div> <!-- main-panel-header rounded-window-top -->
            <div class="main-panel-content rounded-window-bottom">
              <div class="method">
                <div class="method-content">
                  <a name="checkForgotPasswordFunctionality">
                  </a> <!-- checkForgotPasswordFunctionality -->
                  <span class="method-name">checkForgotPasswordFunctionality</span>
                </div> <!-- method-content -->
              </div> <!-- method -->
            </div> <!-- main-panel-content rounded-window-bottom -->
          </div> <!-- suite-Orange_HRM_Application_Test-class-passed -->
          <div class="suite-Orange_HRM_Application_Test-class-passed">
            <div class="main-panel-header rounded-window-top">
              <img src="passed.png"/>
              <span class="class-name">com.OrangeHRM.testcases.LoginPageTest</span>
            </div> <!-- main-panel-header rounded-window-top -->
            <div class="main-panel-content rounded-window-bottom">
              <div class="method">
                <div class="method-content">
                  <a name="CheckLoginwithInvalidPasswordOrmail(islam, 12314asd)">
                  </a> <!-- CheckLoginwithInvalidPasswordOrmail(islam, 12314asd) -->
                  <span class="method-name">CheckLoginwithInvalidPasswordOrmail</span>
                  <span class="parameters">(islam, 12314asd)</span>
                </div> <!-- method-content -->
              </div> <!-- method -->
              <div class="method">
                <div class="method-content">
                  <a name="CheckLoginwithInvalidPasswordOrmail(admin1, admin12)">
                  </a> <!-- CheckLoginwithInvalidPasswordOrmail(admin1, admin12) -->
                  <span class="method-name">CheckLoginwithInvalidPasswordOrmail</span>
                  <span class="parameters">(admin1, admin12)</span>
                </div> <!-- method-content -->
              </div> <!-- method -->
              <div class="method">
                <div class="method-content">
                  <a name="CheckLoginwithInvalidPasswordOrmail(admin, admin)">
                  </a> <!-- CheckLoginwithInvalidPasswordOrmail(admin, admin) -->
                  <span class="method-name">CheckLoginwithInvalidPasswordOrmail</span>
                  <span class="parameters">(admin, admin)</span>
                </div> <!-- method-content -->
              </div> <!-- method -->
              <div class="method">
                <div class="method-content">
                  <a name="CheckLoginwithInvalidPasswordOrmail(admin, 123245)">
                  </a> <!-- CheckLoginwithInvalidPasswordOrmail(admin, 123245) -->
                  <span class="method-name">CheckLoginwithInvalidPasswordOrmail</span>
                  <span class="parameters">(admin, 123245)</span>
                </div> <!-- method-content -->
              </div> <!-- method -->
              <div class="method">
                <div class="method-content">
                  <a name="testTitle">
                  </a> <!-- testTitle -->
                  <span class="method-name">testTitle</span>
                </div> <!-- method-content -->
              </div> <!-- method -->
              <div class="method">
                <div class="method-content">
                  <a name="testURL">
                  </a> <!-- testURL -->
                  <span class="method-name">testURL</span>
                </div> <!-- method-content -->
              </div> <!-- method -->
            </div> <!-- main-panel-content rounded-window-bottom -->
          </div> <!-- suite-Orange_HRM_Application_Test-class-passed -->
        </div> <!-- panel Orange_HRM_Application_Test -->
        <div panel-name="test-xml-Orange_HRM_Application_Test" class="panel">
          <div class="main-panel-header rounded-window-top">
            <span class="header-content">D:\Eclipse\OrangeAllureReport\testng.xml</span>
          </div> <!-- main-panel-header rounded-window-top -->
          <div class="main-panel-content rounded-window-bottom">
            <pre>
&lt;?xml version=&quot;1.0&quot; encoding=&quot;UTF-8&quot;?&gt;
&lt;!DOCTYPE suite SYSTEM &quot;https://testng.org/testng-1.0.dtd&quot;&gt;
&lt;suite name=&quot;Orange HRM Application Test&quot; guice-stage=&quot;DEVELOPMENT&quot;&gt;
  &lt;listeners&gt;
    &lt;listener class-name=&quot;AllureReport.AllureListener&quot;/&gt;
    &lt;listener class-name=&quot;automateRetryFailedTests.AnnotationTransformerTheSecondWay&quot;/&gt;
  &lt;/listeners&gt;
  &lt;test thread-count=&quot;5&quot; name=&quot;End To End Test with Chrome browser&quot;&gt;
    &lt;parameter name=&quot;Browser&quot; value=&quot;chrome&quot;/&gt;
    &lt;classes&gt;
      &lt;class name=&quot;com.OrangeHRM.testcases.LoginPageTest&quot;/&gt;
      &lt;class name=&quot;com.OrangeHRM.testcases.ResetPasswordTest&quot;/&gt;
    &lt;/classes&gt;
  &lt;/test&gt; &lt;!-- End To End Test with Chrome browser --&gt;
&lt;/suite&gt; &lt;!-- Orange HRM Application Test --&gt;
            </pre>
          </div> <!-- main-panel-content rounded-window-bottom -->
        </div> <!-- panel -->
        <div panel-name="testlist-Orange_HRM_Application_Test" class="panel">
          <div class="main-panel-header rounded-window-top">
            <span class="header-content">Tests for Orange HRM Application Test</span>
          </div> <!-- main-panel-header rounded-window-top -->
          <div class="main-panel-content rounded-window-bottom">
            <ul>
              <li>
                <span class="test-name">End To End Test with Chrome browser (2 classes)</span>
              </li>
            </ul>
          </div> <!-- main-panel-content rounded-window-bottom -->
        </div> <!-- panel -->
        <div panel-name="group-Orange_HRM_Application_Test" class="panel">
          <div class="main-panel-header rounded-window-top">
            <span class="header-content">Groups for Orange HRM Application Test</span>
          </div> <!-- main-panel-header rounded-window-top -->
          <div class="main-panel-content rounded-window-bottom">
            <div class="test-group">
              <span class="test-group-name">E2E</span>
              <br/>
              <div class="method-in-group">
                <span class="method-in-group-name">PerformValidLoginTest</span>
                <br/>
              </div> <!-- method-in-group -->
              <div class="method-in-group">
                <span class="method-in-group-name">checkForgotPasswordFunctionality</span>
                <br/>
              </div> <!-- method-in-group -->
              <div class="method-in-group">
                <span class="method-in-group-name">testLogo</span>
                <br/>
              </div> <!-- method-in-group -->
              <div class="method-in-group">
                <span class="method-in-group-name">testTitle</span>
                <br/>
              </div> <!-- method-in-group -->
              <div class="method-in-group">
                <span class="method-in-group-name">testURL</span>
                <br/>
              </div> <!-- method-in-group -->
            </div> <!-- test-group -->
            <div class="test-group">
              <span class="test-group-name">Regression</span>
              <br/>
              <div class="method-in-group">
                <span class="method-in-group-name">PerformValidLoginTest</span>
                <br/>
              </div> <!-- method-in-group -->
              <div class="method-in-group">
                <span class="method-in-group-name">checkForgotPasswordFunctionality</span>
                <br/>
              </div> <!-- method-in-group -->
            </div> <!-- test-group -->
          </div> <!-- main-panel-content rounded-window-bottom -->
        </div> <!-- panel -->
        <div panel-name="times-Orange_HRM_Application_Test" class="panel">
          <div class="main-panel-header rounded-window-top">
            <span class="header-content">Times for Orange HRM Application Test</span>
          </div> <!-- main-panel-header rounded-window-top -->
          <div class="main-panel-content rounded-window-bottom">
            <div class="times-div">
              <script type="text/javascript">
suiteTableInitFunctions.push('tableData_Orange_HRM_Application_Test');
function tableData_Orange_HRM_Application_Test() {
var data = new google.visualization.DataTable();
data.addColumn('number', 'Number');
data.addColumn('string', 'Method');
data.addColumn('string', 'Class');
data.addColumn('number', 'Time (ms)');
data.addRows(15);
data.setCell(0, 0, 0)
data.setCell(0, 1, 'PerformValidLoginTest')
data.setCell(0, 2, 'com.OrangeHRM.testcases.LoginPageTest')
data.setCell(0, 3, 12119);
data.setCell(1, 0, 1)
data.setCell(1, 1, 'PerformValidLoginTest')
data.setCell(1, 2, 'com.OrangeHRM.testcases.LoginPageTest')
data.setCell(1, 3, 12029);
data.setCell(2, 0, 2)
data.setCell(2, 1, 'PerformValidLoginTest')
data.setCell(2, 2, 'com.OrangeHRM.testcases.LoginPageTest')
data.setCell(2, 3, 11891);
data.setCell(3, 0, 3)
data.setCell(3, 1, 'PerformValidLoginTest')
data.setCell(3, 2, 'com.OrangeHRM.testcases.LoginPageTest')
data.setCell(3, 3, 11863);
data.setCell(4, 0, 4)
data.setCell(4, 1, 'checkForgotPasswordFunctionality')
data.setCell(4, 2, 'com.OrangeHRM.testcases.ResetPasswordTest')
data.setCell(4, 3, 3186);
data.setCell(5, 0, 5)
data.setCell(5, 1, 'CheckLoginwithInvalidPasswordOrmail')
data.setCell(5, 2, 'com.OrangeHRM.testcases.LoginPageTest')
data.setCell(5, 3, 2753);
data.setCell(6, 0, 6)
data.setCell(6, 1, 'CheckLoginwithInvalidPasswordOrmail')
data.setCell(6, 2, 'com.OrangeHRM.testcases.LoginPageTest')
data.setCell(6, 3, 2415);
data.setCell(7, 0, 7)
data.setCell(7, 1, 'CheckLoginwithInvalidPasswordOrmail')
data.setCell(7, 2, 'com.OrangeHRM.testcases.LoginPageTest')
data.setCell(7, 3, 2301);
data.setCell(8, 0, 8)
data.setCell(8, 1, 'CheckLoginwithInvalidPasswordOrmail')
data.setCell(8, 2, 'com.OrangeHRM.testcases.LoginPageTest')
data.setCell(8, 3, 2097);
data.setCell(9, 0, 9)
data.setCell(9, 1, 'testLogo')
data.setCell(9, 2, 'com.OrangeHRM.testcases.LoginPageTest')
data.setCell(9, 3, 1344);
data.setCell(10, 0, 10)
data.setCell(10, 1, 'testLogo')
data.setCell(10, 2, 'com.OrangeHRM.testcases.LoginPageTest')
data.setCell(10, 3, 1189);
data.setCell(11, 0, 11)
data.setCell(11, 1, 'testLogo')
data.setCell(11, 2, 'com.OrangeHRM.testcases.LoginPageTest')
data.setCell(11, 3, 1172);
data.setCell(12, 0, 12)
data.setCell(12, 1, 'testLogo')
data.setCell(12, 2, 'com.OrangeHRM.testcases.LoginPageTest')
data.setCell(12, 3, 1019);
data.setCell(13, 0, 13)
data.setCell(13, 1, 'testTitle')
data.setCell(13, 2, 'com.OrangeHRM.testcases.LoginPageTest')
data.setCell(13, 3, 15);
data.setCell(14, 0, 14)
data.setCell(14, 1, 'testURL')
data.setCell(14, 2, 'com.OrangeHRM.testcases.LoginPageTest')
data.setCell(14, 3, 8);
window.suiteTableData['Orange_HRM_Application_Test']= { tableData: data, tableDiv: 'times-div-Orange_HRM_Application_Test'}
return data;
}
              </script>
              <span class="suite-total-time">Total running time: 1 minutes</span>
              <div id="times-div-Orange_HRM_Application_Test">
              </div> <!-- times-div-Orange_HRM_Application_Test -->
            </div> <!-- times-div -->
          </div> <!-- main-panel-content rounded-window-bottom -->
        </div> <!-- panel -->
        <div panel-name="reporter-Orange_HRM_Application_Test" class="panel">
          <div class="main-panel-header rounded-window-top">
            <span class="header-content">Reporter output for Orange HRM Application Test</span>
          </div> <!-- main-panel-header rounded-window-top -->
          <div class="main-panel-content rounded-window-bottom">
          </div> <!-- main-panel-content rounded-window-bottom -->
        </div> <!-- panel -->
        <div panel-name="ignored-methods-Orange_HRM_Application_Test" class="panel">
          <div class="main-panel-header rounded-window-top">
            <span class="header-content">0 ignored methods</span>
          </div> <!-- main-panel-header rounded-window-top -->
          <div class="main-panel-content rounded-window-bottom">
          </div> <!-- main-panel-content rounded-window-bottom -->
        </div> <!-- panel -->
        <div panel-name="chronological-Orange_HRM_Application_Test" class="panel">
          <div class="main-panel-header rounded-window-top">
            <span class="header-content">Methods in chronological order</span>
          </div> <!-- main-panel-header rounded-window-top -->
          <div class="main-panel-content rounded-window-bottom">
            <div class="chronological-class">
              <div class="chronological-class-name">com.OrangeHRM.testcases.LoginPageTest</div> <!-- chronological-class-name -->
              <div class="configuration-method before">
                <span class="method-name">setup(public void com.OrangeHRM.testcases.LoginPageTest.PerformValidLoginTest() throws java.io.IOException...)</span>
                <span class="method-start">0 ms</span>
              </div> <!-- configuration-method before -->
              <div class="test-method">
                <span class="method-name">PerformValidLoginTest</span>
                <span class="method-start">24850 ms</span>
              </div> <!-- test-method -->
              <div class="configuration-method after">
                <span class="method-name">tearDown(public void com.OrangeHRM.testcases.LoginPageTest.PerformValidLoginTest() throws java.io.IOException...)</span>
                <span class="method-start">36990 ms</span>
              </div> <!-- configuration-method after -->
              <div class="configuration-method before">
                <span class="method-name">setup(public void com.OrangeHRM.testcases.LoginPageTest.PerformValidLoginTest() throws java.io.IOException...)</span>
                <span class="method-start">37355 ms</span>
              </div> <!-- configuration-method before -->
              <div class="test-method">
                <span class="method-name">PerformValidLoginTest</span>
                <span class="method-start">44219 ms</span>
              </div> <!-- test-method -->
              <div class="configuration-method after">
                <span class="method-name">tearDown(public void com.OrangeHRM.testcases.LoginPageTest.PerformValidLoginTest() throws java.io.IOException...)</span>
                <span class="method-start">56114 ms</span>
              </div> <!-- configuration-method after -->
              <div class="configuration-method before">
                <span class="method-name">setup(public void com.OrangeHRM.testcases.LoginPageTest.PerformValidLoginTest() throws java.io.IOException...)</span>
                <span class="method-start">56435 ms</span>
              </div> <!-- configuration-method before -->
              <div class="test-method">
                <span class="method-name">PerformValidLoginTest</span>
                <span class="method-start">63358 ms</span>
              </div> <!-- test-method -->
              <div class="configuration-method after">
                <span class="method-name">tearDown(public void com.OrangeHRM.testcases.LoginPageTest.PerformValidLoginTest() throws java.io.IOException...)</span>
                <span class="method-start">75226 ms</span>
              </div> <!-- configuration-method after -->
              <div class="configuration-method before">
                <span class="method-name">setup(public void com.OrangeHRM.testcases.LoginPageTest.PerformValidLoginTest() throws java.io.IOException...)</span>
                <span class="method-start">75543 ms</span>
              </div> <!-- configuration-method before -->
              <div class="test-method">
                <img src="failed.png">
                </img>
                <span class="method-name">PerformValidLoginTest</span>
                <span class="method-start">95491 ms</span>
              </div> <!-- test-method -->
              <div class="configuration-method after">
                <span class="method-name">tearDown(public void com.OrangeHRM.testcases.LoginPageTest.PerformValidLoginTest() throws java.io.IOException...)</span>
                <span class="method-start">107651 ms</span>
              </div> <!-- configuration-method after -->
              <div class="configuration-method before">
                <span class="method-name">setup(public void com.OrangeHRM.testcases.LoginPageTest.CheckLoginwithInvalidPasswordOrmail(java.lang.Stri...)</span>
                <span class="method-start">108658 ms</span>
              </div> <!-- configuration-method before -->
              <div class="test-method">
                <span class="method-name">CheckLoginwithInvalidPasswordOrmail(admin, admin)</span>
                <span class="method-start">126115 ms</span>
              </div> <!-- test-method -->
              <div class="configuration-method after">
                <span class="method-name">tearDown(public void com.OrangeHRM.testcases.LoginPageTest.CheckLoginwithInvalidPasswordOrmail(java.lang.Stri...)</span>
                <span class="method-start">128421 ms</span>
              </div> <!-- configuration-method after -->
              <div class="configuration-method before">
                <span class="method-name">setup(public void com.OrangeHRM.testcases.LoginPageTest.CheckLoginwithInvalidPasswordOrmail(java.lang.Stri...)</span>
                <span class="method-start">128730 ms</span>
              </div> <!-- configuration-method before -->
              <div class="test-method">
                <span class="method-name">CheckLoginwithInvalidPasswordOrmail(admin1, admin12)</span>
                <span class="method-start">154985 ms</span>
              </div> <!-- test-method -->
              <div class="configuration-method after">
                <span class="method-name">tearDown(public void com.OrangeHRM.testcases.LoginPageTest.CheckLoginwithInvalidPasswordOrmail(java.lang.Stri...)</span>
                <span class="method-start">157087 ms</span>
              </div> <!-- configuration-method after -->
              <div class="configuration-method before">
                <span class="method-name">setup(public void com.OrangeHRM.testcases.LoginPageTest.CheckLoginwithInvalidPasswordOrmail(java.lang.Stri...)</span>
                <span class="method-start">157401 ms</span>
              </div> <!-- configuration-method before -->
              <div class="test-method">
                <span class="method-name">CheckLoginwithInvalidPasswordOrmail(admin, 123245)</span>
                <span class="method-start">178411 ms</span>
              </div> <!-- test-method -->
              <div class="configuration-method after">
                <span class="method-name">tearDown(public void com.OrangeHRM.testcases.LoginPageTest.CheckLoginwithInvalidPasswordOrmail(java.lang.Stri...)</span>
                <span class="method-start">180835 ms</span>
              </div> <!-- configuration-method after -->
              <div class="configuration-method before">
                <span class="method-name">setup(public void com.OrangeHRM.testcases.LoginPageTest.CheckLoginwithInvalidPasswordOrmail(java.lang.Stri...)</span>
                <span class="method-start">181903 ms</span>
              </div> <!-- configuration-method before -->
              <div class="test-method">
                <span class="method-name">CheckLoginwithInvalidPasswordOrmail(islam, 12314asd)</span>
                <span class="method-start">202449 ms</span>
              </div> <!-- test-method -->
              <div class="configuration-method after">
                <span class="method-name">tearDown(public void com.OrangeHRM.testcases.LoginPageTest.CheckLoginwithInvalidPasswordOrmail(java.lang.Stri...)</span>
                <span class="method-start">205208 ms</span>
              </div> <!-- configuration-method after -->
              <div class="configuration-method before">
                <span class="method-name">setup(public void com.OrangeHRM.testcases.LoginPageTest.testLogo(), chrome)</span>
                <span class="method-start">205954 ms</span>
              </div> <!-- configuration-method before -->
              <div class="test-method">
                <span class="method-name">testLogo</span>
                <span class="method-start">225195 ms</span>
              </div> <!-- test-method -->
              <div class="configuration-method after">
                <span class="method-name">tearDown(public void com.OrangeHRM.testcases.LoginPageTest.testLogo(), [TestResult name=testLogo status=SKIP ...)</span>
                <span class="method-start">226388 ms</span>
              </div> <!-- configuration-method after -->
              <div class="configuration-method before">
                <span class="method-name">setup(public void com.OrangeHRM.testcases.LoginPageTest.testLogo(), chrome)</span>
                <span class="method-start">226690 ms</span>
              </div> <!-- configuration-method before -->
              <div class="test-method">
                <span class="method-name">testLogo</span>
                <span class="method-start">233901 ms</span>
              </div> <!-- test-method -->
              <div class="configuration-method after">
                <span class="method-name">tearDown(public void com.OrangeHRM.testcases.LoginPageTest.testLogo(), [TestResult name=testLogo status=SKIP ...)</span>
                <span class="method-start">235250 ms</span>
              </div> <!-- configuration-method after -->
              <div class="configuration-method before">
                <span class="method-name">setup(public void com.OrangeHRM.testcases.LoginPageTest.testLogo(), chrome)</span>
                <span class="method-start">235534 ms</span>
              </div> <!-- configuration-method before -->
              <div class="test-method">
                <span class="method-name">testLogo</span>
                <span class="method-start">243523 ms</span>
              </div> <!-- test-method -->
              <div class="configuration-method after">
                <span class="method-name">tearDown(public void com.OrangeHRM.testcases.LoginPageTest.testLogo(), [TestResult name=testLogo status=SKIP ...)</span>
                <span class="method-start">244545 ms</span>
              </div> <!-- configuration-method after -->
              <div class="configuration-method before">
                <span class="method-name">setup(public void com.OrangeHRM.testcases.LoginPageTest.testLogo(), chrome)</span>
                <span class="method-start">244948 ms</span>
              </div> <!-- configuration-method before -->
              <div class="test-method">
                <img src="failed.png">
                </img>
                <span class="method-name">testLogo</span>
                <span class="method-start">263864 ms</span>
              </div> <!-- test-method -->
              <div class="configuration-method after">
                <span class="method-name">tearDown(public void com.OrangeHRM.testcases.LoginPageTest.testLogo(), [TestResult name=testLogo status=FAILU...)</span>
                <span class="method-start">265596 ms</span>
              </div> <!-- configuration-method after -->
              <div class="configuration-method before">
                <span class="method-name">setup(public void com.OrangeHRM.testcases.LoginPageTest.testTitle(), chrome)</span>
                <span class="method-start">266786 ms</span>
              </div> <!-- configuration-method before -->
              <div class="test-method">
                <span class="method-name">testTitle</span>
                <span class="method-start">275522 ms</span>
              </div> <!-- test-method -->
              <div class="configuration-method after">
                <span class="method-name">tearDown(public void com.OrangeHRM.testcases.LoginPageTest.testTitle(), [TestResult name=testTitle status=SUC...)</span>
                <span class="method-start">275542 ms</span>
              </div> <!-- configuration-method after -->
              <div class="configuration-method before">
                <span class="method-name">setup(public void com.OrangeHRM.testcases.LoginPageTest.testURL(), chrome)</span>
                <span class="method-start">276308 ms</span>
              </div> <!-- configuration-method before -->
              <div class="test-method">
                <span class="method-name">testURL</span>
                <span class="method-start">302945 ms</span>
              </div> <!-- test-method -->
              <div class="configuration-method after">
                <span class="method-name">tearDown(public void com.OrangeHRM.testcases.LoginPageTest.testURL(), [TestResult name=testURL status=SUCCESS...)</span>
                <span class="method-start">302956 ms</span>
              </div> <!-- configuration-method after -->
            </div> <!-- chronological-class -->
            <div class="chronological-class">
              <div class="chronological-class-name">com.OrangeHRM.testcases.ResetPasswordTest</div> <!-- chronological-class-name -->
              <div class="configuration-method before">
                <span class="method-name">setup(public void com.OrangeHRM.testcases.ResetPasswordTest.checkForgotPasswordFunctionality() throws java...)</span>
                <span class="method-start">303205 ms</span>
              </div> <!-- configuration-method before -->
              <div class="test-method">
                <span class="method-name">checkForgotPasswordFunctionality</span>
                <span class="method-start">326822 ms</span>
              </div> <!-- test-method -->
              <div class="configuration-method after">
                <span class="method-name">tearDown(public void com.OrangeHRM.testcases.ResetPasswordTest.checkForgotPasswordFunctionality() throws java...)</span>
                <span class="method-start">330011 ms</span>
              </div> <!-- configuration-method after -->
          </div> <!-- main-panel-content rounded-window-bottom -->
        </div> <!-- panel -->
      </div> <!-- main-panel-root -->
    </div> <!-- wrapper -->
  </body>
<script type="text/javascript" src="testng-reports2.js"></script>
</html>
